2021/07/31 10:22:23 Server Started at port: :9000
2021/07/31 10:25:27 Server Started at port: :9000
2021/07/31 10:25:42 Server Started at port: :9000
2021/07/31 10:28:19 Starting Server at port :9000
2021/07/31 10:28:19 Error Starting Server listen tcp :9000: bind: address already in use
2021/07/31 10:31:25 Starting Server at port :9000
2021/07/31 10:31:25 Error Starting Server listen tcp :9000: bind: address already in use
2021/07/31 10:32:53 Starting Server at port :9000
2021/07/31 10:34:01 Starting Server at port :9000
2021/07/31 10:34:34 Started Server at port :9000
2021/07/31 19:23:04 Started Server at port :9000
2021/08/01 16:13:07 Started Server at port :9000
2021/08/01 16:20:17 unknown command "sabigo" for "sabigo"
2021/08/01 16:21:15 Started Server at port :9000
2021/08/01 16:26:09 Server Started through sabigo command
2021/08/01 16:26:09 Started Server at port :9000
2021/08/01 19:17:11 Server Started through sabigo command
2021/08/01 19:17:11 Started Server at port :9000
2021/08/01 19:18:40 Server Started through sabigo command
2021/08/01 19:18:40 Started Server at port :9000
2021/08/01 19:19:00 Server Started through sabigo command
2021/08/01 19:19:00 Started Server at port :9000
2021/08/01 19:19:27 Server Started through sabigo command
2021/08/01 19:19:27 Started Server at port :9000
2021/08/01 19:19:34 Server Started through sabigo command
2021/08/01 19:19:34 Started Server at port :9000
2021/08/01 19:25:06 Server Started through sabigo command
2021/08/01 19:25:06 Started Server at port :9000
2021/08/01 19:31:57 Server Started through sabigo command
2021/08/01 19:32:12 Server Started through sabigo command
2021/08/01 19:32:12 Started Server at port 9001
2021/08/01 19:32:42 Server Started through sabigo command
2021/08/01 19:32:42 Started Server at port 80
2021/08/01 19:32:42 Error Starting Server listen tcp :80: bind: permission denied
2021/08/01 19:33:10 Server Started through sabigo command
2021/08/01 19:33:10 Started Server at port 80
2021/08/01 19:33:10 Error Starting Server listen tcp :80: bind: address already in use
2021/08/01 19:40:11 Server Started through sabigo command
2021/08/01 19:40:39 Server Started through sabigo command
2021/08/01 19:40:55 Server Started through sabigo command
2021/08/01 19:41:23 Server Started through sabigo command
2021/08/01 19:41:23 Started Server at port 9001
2021/08/01 19:46:04 Server Started through sabigo command
2021/08/01 20:41:03 Server Started through sabigo command
2021/08/01 20:41:03 Started Server at port 
2021/08/01 20:42:34 Server Started through sabigo command
2021/08/01 20:42:34 Started Server at port 9000
2021/08/01 21:00:45 Server Started through sabigo command
2021/08/01 21:00:45 Started Server at port 9000
2021/08/01 21:01:16 Server Started through sabigo command
2021/08/01 21:01:16 Started Server at port 80
2021/08/01 21:01:16 Error Starting Server listen tcp :80: bind: permission denied
2021/08/01 21:05:20 Server Started through sabigo command
2021/08/01 21:05:20 Started Server at port 80
2021/08/01 21:05:20 Error Starting Server listen tcp :80: bind: permission denied
2021/08/01 21:05:26 Server Started through sabigo command
2021/08/01 21:05:26 Started Server at port 80
2021/08/01 21:05:26 Error Starting Server listen tcp :80: bind: permission denied
2021/08/01 21:05:36 Server Started through sabigo command
2021/08/01 21:05:36 Started Server at port 8000
2021/08/01 21:05:36 Error Starting Server listen tcp :8000: bind: address already in use
2021/08/01 21:10:09 Server Started through sabigo command
2021/08/01 21:10:09 Started Server at port 8001
2021/08/03 17:45:19 Checking database configurations
2021/08/03 17:50:47 Checking database configurations
2021/08/03 17:51:46 Checking database configurations
2021/08/03 22:57:22 Server Started through sabigo command
2021/08/03 22:57:22 Started Server at port 8001
2021/08/05 08:31:15 unknown shorthand flag: 'a' in -a=2
2021/08/27 12:43:55 unknown command "sabigo" for "sabigo"
